[01m[K/home/camilo/ros2_ws/k3lso_ws/src/k3lso3_ros2/k3lso_vectornav/src/k3lso_vectornav_node.cpp:[m[K In function â€˜[01m[Kint main(int, char**)[m[Kâ€™:
[01m[K/home/camilo/ros2_ws/k3lso_ws/src/k3lso3_ros2/k3lso_vectornav/src/k3lso_vectornav_node.cpp:18:9:[m[K [01;31m[Kerror: [m[Kâ€˜[01m[Kinit_vectornav[m[Kâ€™ was not declared in this scope; did you mean â€˜[01m[K_rt_vectornav[m[Kâ€™?
   18 |     if(![01;31m[Kinit_vectornav[m[K()){
      |         [01;31m[K^~~~~~~~~~~~~~[m[K
      |         [32m[K_rt_vectornav[m[K
make[2]: *** [CMakeFiles/k3lso_vectornav.dir/build.make:63: CMakeFiles/k3lso_vectornav.dir/src/k3lso_vectornav_node.cpp.o] Error 1
make[1]: *** [CMakeFiles/Makefile2:78: CMakeFiles/k3lso_vectornav.dir/all] Error 2
make: *** [Makefile:141: all] Error 2
