[0.021s] Invoking command in '/home/camilo/ros2_ws/k3lso_ws/src/k3lso3_ros2/build/k3lso_vectornav': CMAKE_PREFIX_PATH=/opt/ros/foxy /usr/bin/cmake --build /home/camilo/ros2_ws/k3lso_ws/src/k3lso3_ros2/build/k3lso_vectornav -- -j12 -l12
[0.068s] [35m[1mScanning dependencies of target k3lso_vectornav[0m
[0.109s] [  3%] [32mBuilding CXX object CMakeFiles/k3lso_vectornav.dir/src/k3lso_vectornav_node.cpp.o[0m
[0.110s] [  7%] [32mBuilding CXX object CMakeFiles/k3lso_vectornav.dir/src/rt/rt_vectornav.cpp.o[0m
[1.886s] [01m[K/home/camilo/ros2_ws/k3lso_ws/src/k3lso3_ros2/k3lso_vectornav/src/k3lso_vectornav_node.cpp:[m[K In function â€˜[01m[Kint main(int, char**)[m[Kâ€™:
[1.886s] [01m[K/home/camilo/ros2_ws/k3lso_ws/src/k3lso3_ros2/k3lso_vectornav/src/k3lso_vectornav_node.cpp:18:9:[m[K [01;31m[Kerror: [m[Kâ€˜[01m[Kinit_vectornav[m[Kâ€™ was not declared in this scope; did you mean â€˜[01m[K_rt_vectornav[m[Kâ€™?
[1.887s]    18 |     if(![01;31m[Kinit_vectornav[m[K()){
[1.887s]       |         [01;31m[K^~~~~~~~~~~~~~[m[K
[1.887s]       |         [32m[K_rt_vectornav[m[K
[2.812s] make[2]: *** [CMakeFiles/k3lso_vectornav.dir/build.make:63: CMakeFiles/k3lso_vectornav.dir/src/k3lso_vectornav_node.cpp.o] Error 1
[2.813s] make[1]: *** [CMakeFiles/Makefile2:78: CMakeFiles/k3lso_vectornav.dir/all] Error 2
[2.813s] make: *** [Makefile:141: all] Error 2
[2.815s] Invoked command in '/home/camilo/ros2_ws/k3lso_ws/src/k3lso3_ros2/build/k3lso_vectornav' returned '2': CMAKE_PREFIX_PATH=/opt/ros/foxy /usr/bin/cmake --build /home/camilo/ros2_ws/k3lso_ws/src/k3lso3_ros2/build/k3lso_vectornav -- -j12 -l12
